proguard/seeds.txt
cn.waps.cq
cn.waps.cq: cq()
cn.waps.cq: android.graphics.drawable.ShapeDrawable a(float,java.lang.String)
cn.waps.cq: android.graphics.drawable.ShapeDrawable b(float,java.lang.String)
cn.waps.cq: android.graphics.drawable.ShapeDrawable c(float,java.lang.String)
com.csmzxy.thinggo.worlduc.BaseListViewActivity: BaseListViewActivity()
com.csmzxy.thinggo.worlduc.BlogArticleActivity
com.csmzxy.thinggo.worlduc.BlogArticleActivity: BlogArticleActivity()
com.csmzxy.thinggo.worlduc.BlogArticleListActivity
com.csmzxy.thinggo.worlduc.BlogArticleListActivity: BlogArticleListActivity()
com.csmzxy.thinggo.worlduc.BlogCategoryListActivity
com.csmzxy.thinggo.worlduc.BlogCategoryListActivity: BlogCategoryListActivity()
com.csmzxy.thinggo.worlduc.CustomerTextView: void setText(java.util.ArrayList)
com.csmzxy.thinggo.worlduc.FriendBlogCategoryActivity
com.csmzxy.thinggo.worlduc.FriendBlogCategoryActivity: FriendBlogCategoryActivity()
com.csmzxy.thinggo.worlduc.FriendGroupListActivity
com.csmzxy.thinggo.worlduc.FriendGroupListActivity: FriendGroupListActivity()
com.csmzxy.thinggo.worlduc.FriendListActivity
com.csmzxy.thinggo.worlduc.FriendListActivity: FriendListActivity()
com.csmzxy.thinggo.worlduc.FriendRequestListActivity
com.csmzxy.thinggo.worlduc.FriendRequestListActivity: FriendRequestListActivity()
com.csmzxy.thinggo.worlduc.LoginActivity
com.csmzxy.thinggo.worlduc.LoginActivity: LoginActivity()
com.csmzxy.thinggo.worlduc.MainActivity
com.csmzxy.thinggo.worlduc.MainActivity: MainActivity()
com.csmzxy.thinggo.worlduc.MiniBlogListActivity
com.csmzxy.thinggo.worlduc.MiniBlogListActivity: MiniBlogListActivity()
com.csmzxy.thinggo.worlduc.NoticeMessageListActivity
com.csmzxy.thinggo.worlduc.NoticeMessageListActivity: NoticeMessageListActivity()
com.csmzxy.thinggo.worlduc.PublishBlogArticleActivity
com.csmzxy.thinggo.worlduc.PublishBlogArticleActivity: PublishBlogArticleActivity()
com.csmzxy.thinggo.worlduc.R$attr: int image_height
com.csmzxy.thinggo.worlduc.R$attr: int image_width
com.csmzxy.thinggo.worlduc.R$attr: int textColor
com.csmzxy.thinggo.worlduc.R$attr: int textSize
com.csmzxy.thinggo.worlduc.R$dimen: int activity_horizontal_margin
com.csmzxy.thinggo.worlduc.R$dimen: int activity_vertical_margin
com.csmzxy.thinggo.worlduc.R$drawable: int back_friend_article_tab
com.csmzxy.thinggo.worlduc.R$drawable: int back_friend_request_tab
com.csmzxy.thinggo.worlduc.R$drawable: int back_mygroup_tab
com.csmzxy.thinggo.worlduc.R$drawable: int back_notice_message_tab
com.csmzxy.thinggo.worlduc.R$drawable: int back_reply_word_tab
com.csmzxy.thinggo.worlduc.R$drawable: int back_support_author_tab
com.csmzxy.thinggo.worlduc.R$drawable: int back_user_suggest_tab
com.csmzxy.thinggo.worlduc.R$drawable: int back_write_article_tab
com.csmzxy.thinggo.worlduc.R$drawable: int back_write_weibo_tab
com.csmzxy.thinggo.worlduc.R$drawable: int back_write_word_tab
com.csmzxy.thinggo.worlduc.R$drawable: int bottombg
com.csmzxy.thinggo.worlduc.R$drawable: int checkbox_no
com.csmzxy.thinggo.worlduc.R$drawable: int checkbox_selector
com.csmzxy.thinggo.worlduc.R$drawable: int checkbox_yes
com.csmzxy.thinggo.worlduc.R$drawable: int close
com.csmzxy.thinggo.worlduc.R$drawable: int current_empty_tab
com.csmzxy.thinggo.worlduc.R$drawable: int current_friend_article_tab
com.csmzxy.thinggo.worlduc.R$drawable: int current_friend_request_tab
com.csmzxy.thinggo.worlduc.R$drawable: int current_mygroup_tab
com.csmzxy.thinggo.worlduc.R$drawable: int current_notice_message_tab
com.csmzxy.thinggo.worlduc.R$drawable: int current_reply_word_tab
com.csmzxy.thinggo.worlduc.R$drawable: int current_support_author_tab
com.csmzxy.thinggo.worlduc.R$drawable: int current_user_suggest_tab