proguard/mapping.txt
cn.waps.bj -> cn.waps.bj:
    java.lang.String a -> a
    java.lang.String b -> b
    java.lang.String c -> c
    java.lang.String d -> d
    java.lang.String e -> e
    java.lang.String f -> f
    java.lang.String g -> g
    java.lang.String h -> h
    java.lang.String i -> i
    java.lang.String j -> j
    cn.waps.AppListener k -> k
    android.os.Handler l -> l
    java.util.HashMap m -> m
    java.util.HashMap n -> n
    int o -> o
    java.lang.String a() -> a
    void a(java.lang.String) -> a
    java.lang.String b() -> b
    void b(java.lang.String) -> b
    java.lang.String c() -> c
    void c(java.lang.String) -> c
    java.lang.String d() -> d
    void d(java.lang.String) -> d
    java.lang.String e() -> e
    void e(java.lang.String) -> e
    java.lang.String f() -> f
    void f(java.lang.String) -> f
    java.lang.String g() -> g
    void g(java.lang.String) -> g
    java.lang.String h() -> h
    void h(java.lang.String) -> h
    java.lang.String i() -> i
    void i(java.lang.String) -> i
    void j(java.lang.String) -> j
    android.os.Handler j() -> j
    void a(android.os.Handler) -> a
    java.util.HashMap k() -> k
    void a(java.util.HashMap) -> a
    java.util.HashMap l() -> l
    void b(java.util.HashMap) -> b
    int m() -> m
    void a(int) -> a
cn.waps.bk -> cn.waps.bk:
    android.app.Dialog a -> a
    android.app.Dialog a(android.content.Context,cn.waps.bj) -> a
cn.waps.bl -> cn.waps.bl:
    android.webkit.WebView m -> m
    java.lang.String n -> n
    android.widget.ProgressBar o -> o
    java.lang.String p -> p
    java.lang.String q -> q
    java.lang.String r -> r
    java.lang.String s -> s
    java.lang.String t -> t
    java.lang.String u -> u
    java.lang.String v -> v
    java.lang.String w -> w
    java.lang.String x -> x
    java.lang.String y -> y
    cn.waps.am a -> a
    boolean z -> z
    java.lang.String A -> A
    java.util.Map B -> B
    java.lang.String b -> b
    java.lang.String c -> c
    android.widget.LinearLayout d -> d
    java.lang.String e -> e
    java.lang.String[] f -> f
    cn.waps.aa g -> g
    java.lang.String h -> h
    java.util.HashMap C -> C
    java.util.HashMap D -> D
    int E -> E
    android.content.SharedPreferences i -> i
    java.io.File j -> j
    android.app.AlertDialog k -> k
    android.os.Handler l -> l
    android.view.View a(android.content.Context,android.webkit.WebView,cn.waps.bj,android.app.Dialog) -> a
    void a(android.content.Context,cn.waps.am,java.lang.String,java.lang.String,java.lang.String) -> a
    void a(android.webkit.WebView,android.app.Dialog) -> a
    boolean b(android.webkit.WebView,android.app.Dialog) -> b
    void a(android.content.Context,cn.waps.bj) -> a
    java.lang.String a(cn.waps.bl) -> a
    java.util.Map a() -> a
    java.lang.String b(cn.waps.bl) -> b
    java.lang.String c(cn.waps.bl) -> c
cn.waps.bm -> cn.waps.z:
    android.content.Context a -> a
    android.app.Dialog b -> b
    cn.waps.bl c -> c
    void onDownloadStart(java.lang.String,java.lang.String,java.lang.String,java.lang.String,long) -> onDownloadStart
cn.waps.bn -> cn.waps.ab:
    cn.waps.bm a -> a
    void a() -> a
cn.waps.bo -> cn.waps.af:
    android.webkit.WebView a -> a
    cn.waps.bl b -> b
    void onCancel(android.content.DialogInterface) -> onCancel
cn.waps.bp -> cn.waps.ag:
    android.app.Dialog a -> a
    android.webkit.WebView b -> b
    cn.waps.bl c -> c
    boolean onKey(android.content.DialogInterface,int,android.view.KeyEvent) -> onKey