proguard/usage.txt
android.support.v4.widget.SlidingPaneLayout$PanelSlideListener:
    public abstract void onPanelSlide(android.view.View,float)
    public abstract void onPanelOpened(android.view.View)
    public abstract void onPanelClosed(android.view.View)
android.support.v4.widget.SlidingPaneLayout$SimplePanelSlideListener
android.support.v4.widget.ViewDragHelper:
    private static final java.lang.String TAG
    public static final int INVALID_POINTER
    public static final int STATE_IDLE
    public static final int STATE_DRAGGING
    public static final int STATE_SETTLING
    public static final int EDGE_LEFT
    public static final int EDGE_RIGHT
    public static final int EDGE_TOP
    public static final int EDGE_BOTTOM
    public static final int EDGE_ALL
    public static final int DIRECTION_HORIZONTAL
    public static final int DIRECTION_VERTICAL
    public static final int DIRECTION_ALL
    private static final int EDGE_SIZE
    private static final int BASE_SETTLE_DURATION
    private static final int MAX_SETTLE_DURATION
    347:347:public static android.support.v4.widget.ViewDragHelper create(android.view.ViewGroup,android.support.v4.widget.ViewDragHelper$Callback)
    360:362:public static android.support.v4.widget.ViewDragHelper create(android.view.ViewGroup,float,android.support.v4.widget.ViewDragHelper$Callback)
    373:392:private ViewDragHelper(android.content.Context,android.view.ViewGroup,android.support.v4.widget.ViewDragHelper$Callback)
    401:402:public void setMinVelocity(float)
    412:412:public float getMinVelocity()
    437:438:public void setEdgeTrackingEnabled(int)
    483:483:public int getActivePointerId()
    690:701:public void flingCapturedView(int,int,int,int)
android.support.v4.widget.ViewDragHelper$2
android.support.v4.widget.ViewDragHelper$Callback:
    148:148:public ViewDragHelper$Callback()
com.csmzxy.thinggo.worlduc.BuildConfig
com.csmzxy.thinggo.worlduc.CustomerTextView
com.csmzxy.thinggo.worlduc.MainActivity:
    private android.widget.TabHost$TabSpec tabSpec
com.csmzxy.thinggo.worlduc.R
com.csmzxy.thinggo.worlduc.R$attr
com.csmzxy.thinggo.worlduc.R$dimen
com.csmzxy.thinggo.worlduc.R$drawable
com.csmzxy.thinggo.worlduc.R$id
com.csmzxy.thinggo.worlduc.R$layout
com.csmzxy.thinggo.worlduc.R$menu
com.csmzxy.thinggo.worlduc.R$string
com.csmzxy.thinggo.worlduc.R$style
com.csmzxy.thinggo.worlduc.R$styleable
com.csmzxy.thinggo.worlduc.WorlducCfg:
    public static final java.lang.String TAG
    public static final java.lang.String KEY_GID
    public static final java.lang.String KEY_UID
    public static final java.lang.String KEY_WORD
    public static final java.lang.String KEY_WORD_URL
    public static final java.lang.String KEY_GROUP_TOPIC
    public static final java.lang.String KEY_BLOG_ARTICLE
    public static final java.lang.String KEY_LOGIN_USER
    public static final java.lang.String KEY_NAME
    public static final java.lang.String KEY_PWD
    public static final java.lang.String KEY_FRIEND_PERSON
    public static final java.lang.String KEY_FRIEND_GROUP
    public static final java.lang.String KEY_BLOG_ARTICLE_CATEGORY
    public static final int PAGE_SIZE_TOPIC_LIST
    public static final int PAGE_SIZE_GROUP_LIST
    public static final int PAGE_SIZE_WORD_LIST
    public static final int PAGE_SIZE_REPLY_WORD_LIST
    public static final int PAGE_SIZE_NOTICE_MESSAGE_LIST
    public static final int PAGE_SIZE_FRIENT_REQUEST_LIST
    public static final int PAGE_SIZE_MINI_BLOG_LIST
    public static final int PAGE_SIZE_FRIEND_LIST
    public static final int HANDLER_LOADED
    public static final java.lang.String BASE_URL_LEAVE_WORD
    3:3:public WorlducCfg()
com.csmzxy.thinggo.worlduc.ad.SlideWall:
    70:70:public android.widget.LinearLayout getView(android.content.Context,int)
    80:80:public android.widget.LinearLayout getView(android.content.Context,int,int)